<?xml version="1.0" encoding="UTF-8"?>
<testsuite name="pl.edu.agh.api.RefereeApplicationTests" tests="1" skipped="0" failures="0" errors="0" timestamp="2022-04-07T17:20:56" hostname="peephole" time="0.361">
  <properties/>
  <testcase name="contextLoads()" classname="pl.edu.agh.api.RefereeApplicationTests" time="0.361"/>
  <system-out><![CDATA[19:20:54.359 [Test worker] DEBUG org.springframework.test.context.BootstrapUtils - Instantiating CacheAwareContextLoaderDelegate from class [org.springframework.test.context.cache.DefaultCacheAwareContextLoaderDelegate]
19:20:54.370 [Test worker] DEBUG org.springframework.test.context.BootstrapUtils - Instantiating BootstrapContext using constructor [public org.springframework.test.context.support.DefaultBootstrapContext(java.lang.Class,org.springframework.test.context.CacheAwareContextLoaderDelegate)]
19:20:54.458 [Test worker] DEBUG org.springframework.test.context.BootstrapUtils - Instantiating TestContextBootstrapper for test class [pl.edu.agh.api.RefereeApplicationTests] from class [org.springframework.boot.test.context.SpringBootTestContextBootstrapper]
19:20:54.473 [Test worker] INFO org.springframework.boot.test.context.SpringBootTestContextBootstrapper - Neither @ContextConfiguration nor @ContextHierarchy found for test class [pl.edu.agh.api.RefereeApplicationTests], using SpringBootContextLoader
19:20:54.482 [Test worker] DEBUG org.springframework.test.context.support.AbstractContextLoader - Did not detect default resource location for test class [pl.edu.agh.api.RefereeApplicationTests]: class path resource [pl/edu/agh/api/RefereeApplicationTests-context.xml] does not exist
19:20:54.483 [Test worker] DEBUG org.springframework.test.context.support.AbstractContextLoader - Did not detect default resource location for test class [pl.edu.agh.api.RefereeApplicationTests]: class path resource [pl/edu/agh/api/RefereeApplicationTestsContext.groovy] does not exist
19:20:54.484 [Test worker] INFO org.springframework.test.context.support.AbstractContextLoader - Could not detect default resource locations for test class [pl.edu.agh.api.RefereeApplicationTests]: no resource found for suffixes {-context.xml, Context.groovy}.
19:20:54.485 [Test worker] INFO org.springframework.test.context.support.AnnotationConfigContextLoaderUtils - Could not detect default configuration classes for test class [pl.edu.agh.api.RefereeApplicationTests]: RefereeApplicationTests does not declare any static, non-private, non-final, nested classes annotated with @Configuration.
19:20:54.563 [Test worker] DEBUG org.springframework.test.context.support.ActiveProfilesUtils - Could not find an 'annotation declaring class' for annotation type [org.springframework.test.context.ActiveProfiles] and class [pl.edu.agh.api.RefereeApplicationTests]
19:20:54.655 [Test worker] DEBUG org.springframework.context.annotation.ClassPathScanningCandidateComponentProvider - Identified candidate component class: file [/home/peephole/Desktop/IO/green-koala/backend/build/classes/java/main/pl/edu/agh/api/RefereeApplication.class]
19:20:54.679 [Test worker] INFO org.springframework.boot.test.context.SpringBootTestContextBootstrapper - Found @SpringBootConfiguration pl.edu.agh.api.RefereeApplication for test class pl.edu.agh.api.RefereeApplicationTests
19:20:54.779 [Test worker] DEBUG org.springframework.boot.test.context.SpringBootTestContextBootstrapper - @TestExecutionListeners is not present for class [pl.edu.agh.api.RefereeApplicationTests]: using defaults.
19:20:54.780 [Test worker] INFO org.springframework.boot.test.context.SpringBootTestContextBootstrapper - Loaded default TestExecutionListener class names from location [META-INF/spring.factories]: [org.springframework.boot.test.autoconfigure.restdocs.RestDocsTestExecutionListener, org.springframework.boot.test.autoconfigure.web.client.MockRestServiceServerResetTestExecutionListener, org.springframework.boot.test.autoconfigure.web.servlet.MockMvcPrintOnlyOnFailureTestExecutionListener, org.springframework.boot.test.autoconfigure.web.servlet.WebDriverTestExecutionListener, org.springframework.boot.test.autoconfigure.webservices.client.MockWebServiceServerTestExecutionListener, org.springframework.boot.test.mock.mockito.MockitoTestExecutionListener, org.springframework.boot.test.mock.mockito.ResetMocksTestExecutionListener, org.springframework.test.context.web.ServletTestExecutionListener, org.springframework.test.context.support.DirtiesContextBeforeModesTestExecutionListener, org.springframework.test.context.event.ApplicationEventsTestExecutionListener, org.springframework.test.context.support.DependencyInjectionTestExecutionListener, org.springframework.test.context.support.DirtiesContextTestExecutionListener, org.springframework.test.context.transaction.TransactionalTestExecutionListener, org.springframework.test.context.jdbc.SqlScriptsTestExecutionListener, org.springframework.test.context.event.EventPublishingTestExecutionListener]
19:20:54.792 [Test worker] DEBUG org.springframework.boot.test.context.SpringBootTestContextBootstrapper - Skipping candidate TestExecutionListener [org.springframework.test.context.transaction.TransactionalTestExecutionListener] due to a missing dependency. Specify custom listener classes or make the default listener classes and their required dependencies available. Offending class: [org/springframework/transaction/interceptor/TransactionAttributeSource]
19:20:54.793 [Test worker] DEBUG org.springframework.boot.test.context.SpringBootTestContextBootstrapper - Skipping candidate TestExecutionListener [org.springframework.test.context.jdbc.SqlScriptsTestExecutionListener] due to a missing dependency. Specify custom listener classes or make the default listener classes and their required dependencies available. Offending class: [org/springframework/transaction/interceptor/TransactionAttribute]
19:20:54.793 [Test worker] INFO org.springframework.boot.test.context.SpringBootTestContextBootstrapper - Using TestExecutionListeners: [org.springframework.test.context.web.ServletTestExecutionListener@930e5d6, org.springframework.test.context.support.DirtiesContextBeforeModesTestExecutionListener@72ac01ae, org.springframework.test.context.event.ApplicationEventsTestExecutionListener@75fe6255, org.springframework.boot.test.mock.mockito.MockitoTestExecutionListener@2833cace, org.springframework.boot.test.autoconfigure.SpringBootDependencyInjectionTestExecutionListener@26a3844b, org.springframework.test.context.support.DirtiesContextTestExecutionListener@34904040, org.springframework.test.context.event.EventPublishingTestExecutionListener@327a604d, org.springframework.boot.test.autoconfigure.restdocs.RestDocsTestExecutionListener@4a9b976, org.springframework.boot.test.autoconfigure.web.client.MockRestServiceServerResetTestExecutionListener@3e92f474, org.springframework.boot.test.autoconfigure.web.servlet.MockMvcPrintOnlyOnFailureTestExecutionListener@8b621a6, org.springframework.boot.test.autoconfigure.web.servlet.WebDriverTestExecutionListener@692f40f5, org.springframework.boot.test.autoconfigure.webservices.client.MockWebServiceServerTestExecutionListener@208426af, org.springframework.boot.test.mock.mockito.ResetMocksTestExecutionListener@91c579f]
19:20:54.799 [Test worker] DEBUG org.springframework.test.context.support.AbstractDirtiesContextTestExecutionListener - Before test class: context [DefaultTestContext@54b4007e testClass = RefereeApplicationTests, testInstance = [null], testMethod = [null], testException = [null], mergedContextConfiguration = [WebMergedContextConfiguration@54a492e1 testClass = RefereeApplicationTests, locations = '{}', classes = '{class pl.edu.agh.api.RefereeApplication}', contextInitializerClasses = '[]', activeProfiles = '{}', propertySourceLocations = '{}', propertySourceProperties = '{org.springframework.boot.test.context.SpringBootTestContextBootstrapper=true}', contextCustomizers = set[org.springframework.boot.test.autoconfigure.actuate.metrics.MetricsExportContextCustomizerFactory$DisableMetricExportContextCustomizer@70e5737, org.springframework.boot.test.autoconfigure.properties.PropertyMappingContextCustomizer@0, org.springframework.boot.test.autoconfigure.web.servlet.WebDriverContextCustomizerFactory$Customizer@26237a37, org.springframework.boot.test.context.filter.ExcludeFilterContextCustomizer@3d70a3d1, org.springframework.boot.test.json.DuplicateJsonObjectContextCustomizerFactory$DuplicateJsonObjectContextCustomizer@23bf193e, org.springframework.boot.test.mock.mockito.MockitoContextCustomizer@0, org.springframework.boot.test.web.client.TestRestTemplateContextCustomizer@55c72fd0, org.springframework.boot.test.context.SpringBootTestArgs@1, org.springframework.boot.test.context.SpringBootTestWebEnvironment@45af6f8f], resourceBasePath = 'src/main/webapp', contextLoader = 'org.springframework.boot.test.context.SpringBootContextLoader', parent = [null]], attributes = map['org.springframework.test.context.web.ServletTestExecutionListener.activateListener' -> true]], class annotated with @DirtiesContext [false] with mode [null].

  .   ____          _            __ _ _
 /\\ / ___'_ __ _ _(_)_ __  __ _ \ \ \ \
( ( )\___ | '_ | '_| | '_ \/ _` | \ \ \ \
 \\/  ___)| |_)| | | | | || (_| |  ) ) ) )
  '  |____| .__|_| |_|_| |_\__, | / / / /
 =========|_|==============|___/=/_/_/_/
 :: Spring Boot ::                (v2.6.6)

2022-04-07 19:20:55.230  INFO 182380 --- [    Test worker] pl.edu.agh.api.RefereeApplicationTests   : Starting RefereeApplicationTests using Java 16 on peephole with PID 182380 (started by peephole in /home/peephole/Desktop/IO/green-koala/backend)
2022-04-07 19:20:55.231  INFO 182380 --- [    Test worker] pl.edu.agh.api.RefereeApplicationTests   : No active profile set, falling back to 1 default profile: "default"
2022-04-07 19:20:56.731  INFO 182380 --- [    Test worker] pl.edu.agh.api.RefereeApplicationTests   : Started RefereeApplicationTests in 1.841 seconds (JVM running for 3.494)
]]></system-out>
  <system-err><![CDATA[]]></system-err>
</testsuite>
