<?xml version="1.0" encoding="UTF-8"?>
<testsuite name="pl.edu.agh.api.service.MatchManagementServiceTest" tests="6" skipped="0" failures="0" errors="0" timestamp="2022-05-20T10:17:44" hostname="MacBook-Air-Adrian.local" time="0.016">
  <properties/>
  <testcase name="deleteMatch()" classname="pl.edu.agh.api.service.MatchManagementServiceTest" time="0.013"/>
  <testcase name="addNewMatch()" classname="pl.edu.agh.api.service.MatchManagementServiceTest" time="0.001"/>
  <testcase name="getMatchById()" classname="pl.edu.agh.api.service.MatchManagementServiceTest" time="0.0"/>
  <testcase name="matchExists()" classname="pl.edu.agh.api.service.MatchManagementServiceTest" time="0.001"/>
  <testcase name="matchIdExists()" classname="pl.edu.agh.api.service.MatchManagementServiceTest" time="0.0"/>
  <testcase name="getAllMatches()" classname="pl.edu.agh.api.service.MatchManagementServiceTest" time="0.001"/>
  <system-out><![CDATA[]]></system-out>
  <system-err><![CDATA[]]></system-err>
</testsuite>
