<?xml version="1.0" encoding="UTF-8"?>
<testsuite name="pl.edu.agh.api.RefereeApplicationTests" tests="1" skipped="0" failures="0" errors="0" timestamp="2022-05-20T10:17:43" hostname="MacBook-Air-Adrian.local" time="0.072">
  <properties/>
  <testcase name="contextLoads()" classname="pl.edu.agh.api.RefereeApplicationTests" time="0.072"/>
  <system-out><![CDATA[12:17:41.835 [Test worker] DEBUG org.springframework.test.context.BootstrapUtils - Instantiating CacheAwareContextLoaderDelegate from class [org.springframework.test.context.cache.DefaultCacheAwareContextLoaderDelegate]
12:17:41.839 [Test worker] DEBUG org.springframework.test.context.BootstrapUtils - Instantiating BootstrapContext using constructor [public org.springframework.test.context.support.DefaultBootstrapContext(java.lang.Class,org.springframework.test.context.CacheAwareContextLoaderDelegate)]
12:17:41.853 [Test worker] DEBUG org.springframework.test.context.BootstrapUtils - Instantiating TestContextBootstrapper for test class [pl.edu.agh.api.RefereeApplicationTests] from class [org.springframework.boot.test.context.SpringBootTestContextBootstrapper]
12:17:41.858 [Test worker] INFO org.springframework.boot.test.context.SpringBootTestContextBootstrapper - Neither @ContextConfiguration nor @ContextHierarchy found for test class [pl.edu.agh.api.RefereeApplicationTests], using SpringBootContextLoader
12:17:41.859 [Test worker] DEBUG org.springframework.test.context.support.AbstractContextLoader - Did not detect default resource location for test class [pl.edu.agh.api.RefereeApplicationTests]: class path resource [pl/edu/agh/api/RefereeApplicationTests-context.xml] does not exist
12:17:41.859 [Test worker] DEBUG org.springframework.test.context.support.AbstractContextLoader - Did not detect default resource location for test class [pl.edu.agh.api.RefereeApplicationTests]: class path resource [pl/edu/agh/api/RefereeApplicationTestsContext.groovy] does not exist
12:17:41.860 [Test worker] INFO org.springframework.test.context.support.AbstractContextLoader - Could not detect default resource locations for test class [pl.edu.agh.api.RefereeApplicationTests]: no resource found for suffixes {-context.xml, Context.groovy}.
12:17:41.860 [Test worker] INFO org.springframework.test.context.support.AnnotationConfigContextLoaderUtils - Could not detect default configuration classes for test class [pl.edu.agh.api.RefereeApplicationTests]: RefereeApplicationTests does not declare any static, non-private, non-final, nested classes annotated with @Configuration.
12:17:41.877 [Test worker] DEBUG org.springframework.test.context.support.ActiveProfilesUtils - Could not find an 'annotation declaring class' for annotation type [org.springframework.test.context.ActiveProfiles] and class [pl.edu.agh.api.RefereeApplicationTests]
12:17:41.901 [Test worker] DEBUG org.springframework.context.annotation.ClassPathScanningCandidateComponentProvider - Identified candidate component class: file [/Users/ajablonsk1/Desktop/studies/semestr-6/inżynieria-oprogramowania/green-koala/backend/build/classes/java/main/pl/edu/agh/RefereeApplication.class]
12:17:41.902 [Test worker] INFO org.springframework.boot.test.context.SpringBootTestContextBootstrapper - Found @SpringBootConfiguration pl.edu.agh.RefereeApplication for test class pl.edu.agh.api.RefereeApplicationTests
12:17:41.943 [Test worker] DEBUG org.springframework.boot.test.context.SpringBootTestContextBootstrapper - @TestExecutionListeners is not present for class [pl.edu.agh.api.RefereeApplicationTests]: using defaults.
12:17:41.943 [Test worker] INFO org.springframework.boot.test.context.SpringBootTestContextBootstrapper - Loaded default TestExecutionListener class names from location [META-INF/spring.factories]: [org.springframework.boot.test.autoconfigure.restdocs.RestDocsTestExecutionListener, org.springframework.boot.test.autoconfigure.web.client.MockRestServiceServerResetTestExecutionListener, org.springframework.boot.test.autoconfigure.web.servlet.MockMvcPrintOnlyOnFailureTestExecutionListener, org.springframework.boot.test.autoconfigure.web.servlet.WebDriverTestExecutionListener, org.springframework.boot.test.autoconfigure.webservices.client.MockWebServiceServerTestExecutionListener, org.springframework.boot.test.mock.mockito.MockitoTestExecutionListener, org.springframework.boot.test.mock.mockito.ResetMocksTestExecutionListener, org.springframework.test.context.web.ServletTestExecutionListener, org.springframework.test.context.support.DirtiesContextBeforeModesTestExecutionListener, org.springframework.test.context.event.ApplicationEventsTestExecutionListener, org.springframework.test.context.support.DependencyInjectionTestExecutionListener, org.springframework.test.context.support.DirtiesContextTestExecutionListener, org.springframework.test.context.transaction.TransactionalTestExecutionListener, org.springframework.test.context.jdbc.SqlScriptsTestExecutionListener, org.springframework.test.context.event.EventPublishingTestExecutionListener]
12:17:41.951 [Test worker] INFO org.springframework.boot.test.context.SpringBootTestContextBootstrapper - Using TestExecutionListeners: [org.springframework.test.context.web.ServletTestExecutionListener@4264b240, org.springframework.test.context.support.DirtiesContextBeforeModesTestExecutionListener@5b04476e, org.springframework.test.context.event.ApplicationEventsTestExecutionListener@5ad10c1a, org.springframework.boot.test.mock.mockito.MockitoTestExecutionListener@6bb75258, org.springframework.boot.test.autoconfigure.SpringBootDependencyInjectionTestExecutionListener@c260bdc, org.springframework.test.context.support.DirtiesContextTestExecutionListener@75e01201, org.springframework.test.context.transaction.TransactionalTestExecutionListener@2783717b, org.springframework.test.context.jdbc.SqlScriptsTestExecutionListener@76f7d241, org.springframework.test.context.event.EventPublishingTestExecutionListener@4a335fa8, org.springframework.boot.test.autoconfigure.restdocs.RestDocsTestExecutionListener@3f363cf5, org.springframework.boot.test.autoconfigure.web.client.MockRestServiceServerResetTestExecutionListener@3829ac1, org.springframework.boot.test.autoconfigure.web.servlet.MockMvcPrintOnlyOnFailureTestExecutionListener@4baf352a, org.springframework.boot.test.autoconfigure.web.servlet.WebDriverTestExecutionListener@1bb1fde8, org.springframework.boot.test.autoconfigure.webservices.client.MockWebServiceServerTestExecutionListener@15eebbff, org.springframework.boot.test.mock.mockito.ResetMocksTestExecutionListener@22d6f11]
12:17:41.952 [Test worker] DEBUG org.springframework.test.context.support.AbstractDirtiesContextTestExecutionListener - Before test class: context [DefaultTestContext@557a1e2d testClass = RefereeApplicationTests, testInstance = [null], testMethod = [null], testException = [null], mergedContextConfiguration = [WebMergedContextConfiguration@26a4842b testClass = RefereeApplicationTests, locations = '{}', classes = '{class pl.edu.agh.RefereeApplication}', contextInitializerClasses = '[]', activeProfiles = '{}', propertySourceLocations = '{}', propertySourceProperties = '{org.springframework.boot.test.context.SpringBootTestContextBootstrapper=true}', contextCustomizers = set[org.springframework.boot.test.autoconfigure.actuate.metrics.MetricsExportContextCustomizerFactory$DisableMetricExportContextCustomizer@3abada5a, org.springframework.boot.test.autoconfigure.properties.PropertyMappingContextCustomizer@0, org.springframework.boot.test.autoconfigure.web.servlet.WebDriverContextCustomizerFactory$Customizer@5bf0fe62, org.springframework.boot.test.context.filter.ExcludeFilterContextCustomizer@6581dc0a, org.springframework.boot.test.json.DuplicateJsonObjectContextCustomizerFactory$DuplicateJsonObjectContextCustomizer@54e7df6a, org.springframework.boot.test.mock.mockito.MockitoContextCustomizer@0, org.springframework.boot.test.web.client.TestRestTemplateContextCustomizer@41e68d87, org.springframework.boot.test.context.SpringBootTestArgs@1, org.springframework.boot.test.context.SpringBootTestWebEnvironment@37883b97], resourceBasePath = 'src/main/webapp', contextLoader = 'org.springframework.boot.test.context.SpringBootContextLoader', parent = [null]], attributes = map['org.springframework.test.context.web.ServletTestExecutionListener.activateListener' -> true]], class annotated with @DirtiesContext [false] with mode [null].

  .   ____          _            __ _ _
 /\\ / ___'_ __ _ _(_)_ __  __ _ \ \ \ \
( ( )\___ | '_ | '_| | '_ \/ _` | \ \ \ \
 \\/  ___)| |_)| | | | | || (_| |  ) ) ) )
  '  |____| .__|_| |_|_| |_\__, | / / / /
 =========|_|==============|___/=/_/_/_/
 :: Spring Boot ::                (v2.6.6)

2022-05-20 12:17:42.068  INFO 26987 --- [    Test worker] pl.edu.agh.api.RefereeApplicationTests   : Starting RefereeApplicationTests using Java 17.0.2 on MacBook-Air-Adrian.local with PID 26987 (started by ajablonsk1 in /Users/ajablonsk1/Desktop/studies/semestr-6/inżynieria-oprogramowania/green-koala/backend)
2022-05-20 12:17:42.068  INFO 26987 --- [    Test worker] pl.edu.agh.api.RefereeApplicationTests   : No active profile set, falling back to 1 default profile: "default"
2022-05-20 12:17:42.459  INFO 26987 --- [    Test worker] .s.d.r.c.RepositoryConfigurationDelegate : Bootstrapping Spring Data JPA repositories in DEFAULT mode.
2022-05-20 12:17:42.495  INFO 26987 --- [    Test worker] .s.d.r.c.RepositoryConfigurationDelegate : Finished Spring Data repository scanning in 31 ms. Found 2 JPA repository interfaces.
2022-05-20 12:17:42.736  INFO 26987 --- [    Test worker] o.hibernate.jpa.internal.util.LogHelper  : HHH000204: Processing PersistenceUnitInfo [name: default]
2022-05-20 12:17:42.766  INFO 26987 --- [    Test worker] org.hibernate.Version                    : HHH000412: Hibernate ORM core version 5.6.7.Final
2022-05-20 12:17:42.842  INFO 26987 --- [    Test worker] o.hibernate.annotations.common.Version   : HCANN000001: Hibernate Commons Annotations {5.1.2.Final}
2022-05-20 12:17:42.895  INFO 26987 --- [    Test worker] com.zaxxer.hikari.HikariDataSource       : HikariPool-1 - Starting...
2022-05-20 12:17:43.020  INFO 26987 --- [    Test worker] com.zaxxer.hikari.HikariDataSource       : HikariPool-1 - Start completed.
2022-05-20 12:17:43.030  INFO 26987 --- [    Test worker] org.hibernate.dialect.Dialect            : HHH000400: Using dialect: org.hibernate.dialect.H2Dialect
2022-05-20 12:17:43.289  INFO 26987 --- [    Test worker] o.h.e.t.j.p.i.JtaPlatformInitiator       : HHH000490: Using JtaPlatform implementation: [org.hibernate.engine.transaction.jta.platform.internal.NoJtaPlatform]
2022-05-20 12:17:43.292  INFO 26987 --- [    Test worker] j.LocalContainerEntityManagerFactoryBean : Initialized JPA EntityManagerFactory for persistence unit 'default'
2022-05-20 12:17:43.491  WARN 26987 --- [    Test worker] JpaBaseConfiguration$JpaWebConfiguration : spring.jpa.open-in-view is enabled by default. Therefore, database queries may be performed during view rendering. Explicitly configure spring.jpa.open-in-view to disable this warning
2022-05-20 12:17:43.753  INFO 26987 --- [    Test worker] o.s.b.a.h2.H2ConsoleAutoConfiguration    : H2 console available at '/h2'. Database available at 'jdbc:h2:file:~/test'
2022-05-20 12:17:43.787  INFO 26987 --- [    Test worker] o.s.m.s.b.SimpleBrokerMessageHandler     : Starting...
2022-05-20 12:17:43.787  INFO 26987 --- [    Test worker] o.s.m.s.b.SimpleBrokerMessageHandler     : BrokerAvailabilityEvent[available=true, SimpleBrokerMessageHandler [org.springframework.messaging.simp.broker.DefaultSubscriptionRegistry@10e4ce98]]
2022-05-20 12:17:43.787  INFO 26987 --- [    Test worker] o.s.m.s.b.SimpleBrokerMessageHandler     : Started.
2022-05-20 12:17:43.791  INFO 26987 --- [    Test worker] pl.edu.agh.api.RefereeApplicationTests   : Started RefereeApplicationTests in 1.823 seconds (JVM running for 2.291)
]]></system-out>
  <system-err><![CDATA[]]></system-err>
</testsuite>
